<?xml version="1.0" encoding="UTF-8"?>
<testsuite xmlns:xsi="http://www.w3.org/2001/XMLSchema-instance" xsi:noNamespaceSchemaLocation="https://maven.apache.org/surefire/maven-surefire-plugin/xsd/surefire-test-report-3.0.xsd" version="3.0" name="org.acme.orderpicking.solver.OrderPickingConstraintProviderTest" time="2.284" tests="4" errors="0" skipped="0" failures="0">
  <properties>
    <property name="java.specification.version" value="17"/>
    <property name="sun.jnu.encoding" value="UTF-8"/>
    <property name="test.url" value="http://localhost:8081"/>
    <property name="java.class.path" value="/Users/abhis_m3/Downloads/Opta-quickstarts-v2.0/use-cases/order-picking/target/test-classes:/Users/abhis_m3/Downloads/Opta-quickstarts-v2.0/use-cases/order-picking/target/classes:/Users/abhis_m3/.m2/repository/io/quarkus/quarkus-core/2.16.10.Final/quarkus-core-2.16.10.Final.jar:/Users/abhis_m3/.m2/repository/jakarta/annotation/jakarta.annotation-api/1.3.5/jakarta.annotation-api-1.3.5.jar:/Users/abhis_m3/.m2/repository/jakarta/enterprise/jakarta.enterprise.cdi-api/2.0.2/jakarta.enterprise.cdi-api-2.0.2.jar:/Users/abhis_m3/.m2/repository/jakarta/el/jakarta.el-api/3.0.3/jakarta.el-api-3.0.3.jar:/Users/abhis_m3/.m2/repository/jakarta/interceptor/jakarta.interceptor-api/1.2.5/jakarta.interceptor-api-1.2.5.jar:/Users/abhis_m3/.m2/repository/jakarta/inject/jakarta.inject-api/1.0/jakarta.inject-api-1.0.jar:/Users/abhis_m3/.m2/repository/io/quarkus/quarkus-ide-launcher/2.16.10.Final/quarkus-ide-launcher-2.16.10.Final.jar:/Users/abhis_m3/.m2/repository/io/quarkus/quarkus-development-mode-spi/2.16.10.Final/quarkus-development-mode-spi-2.16.10.Final.jar:/Users/abhis_m3/.m2/repository/io/smallrye/config/smallrye-config/2.13.3/smallrye-config-2.13.3.jar:/Users/abhis_m3/.m2/repository/io/smallrye/config/smallrye-config-core/2.13.3/smallrye-config-core-2.13.3.jar:/Users/abhis_m3/.m2/repository/org/eclipse/microprofile/config/microprofile-config-api/2.0.1/microprofile-config-api-2.0.1.jar:/Users/abhis_m3/.m2/repository/io/smallrye/common/smallrye-common-annotation/1.13.2/smallrye-common-annotation-1.13.2.jar:/Users/abhis_m3/.m2/repository/io/smallrye/common/smallrye-common-expression/1.13.2/smallrye-common-expression-1.13.2.jar:/Users/abhis_m3/.m2/repository/io/smallrye/common/smallrye-common-function/1.13.2/smallrye-common-function-1.13.2.jar:/Users/abhis_m3/.m2/repository/io/smallrye/common/smallrye-common-constraint/1.13.2/smallrye-common-constraint-1.13.2.jar:/Users/abhis_m3/.m2/repository/io/smallrye/common/smallrye-common-classloader/1.13.2/smallrye-common-classloader-1.13.2.jar:/Users/abhis_m3/.m2/repository/io/smallrye/config/smallrye-config-common/2.13.3/smallrye-config-common-2.13.3.jar:/Users/abhis_m3/.m2/repository/org/jboss/logging/jboss-logging/3.5.0.Final/jboss-logging-3.5.0.Final.jar:/Users/abhis_m3/.m2/repository/org/jboss/logmanager/jboss-logmanager-embedded/1.0.11/jboss-logmanager-embedded-1.0.11.jar:/Users/abhis_m3/.m2/repository/org/jboss/logging/jboss-logging-annotations/2.2.1.Final/jboss-logging-annotations-2.2.1.Final.jar:/Users/abhis_m3/.m2/repository/org/jboss/threads/jboss-threads/3.4.3.Final/jboss-threads-3.4.3.Final.jar:/Users/abhis_m3/.m2/repository/org/slf4j/slf4j-api/1.7.36/slf4j-api-1.7.36.jar:/Users/abhis_m3/.m2/repository/org/jboss/slf4j/slf4j-jboss-logmanager/1.2.0.Final/slf4j-jboss-logmanager-1.2.0.Final.jar:/Users/abhis_m3/.m2/repository/org/graalvm/sdk/graal-sdk/22.3.0/graal-sdk-22.3.0.jar:/Users/abhis_m3/.m2/repository/org/wildfly/common/wildfly-common/1.5.4.Final-format-001/wildfly-common-1.5.4.Final-format-001.jar:/Users/abhis_m3/.m2/repository/io/quarkus/quarkus-bootstrap-runner/2.16.10.Final/quarkus-bootstrap-runner-2.16.10.Final.jar:/Users/abhis_m3/.m2/repository/io/smallrye/common/smallrye-common-io/1.13.2/smallrye-common-io-1.13.2.jar:/Users/abhis_m3/.m2/repository/io/github/crac/org-crac/0.1.3/org-crac-0.1.3.jar:/Users/abhis_m3/.m2/repository/io/quarkus/quarkus-fs-util/0.0.9/quarkus-fs-util-0.0.9.jar:/Users/abhis_m3/.m2/repository/io/quarkus/quarkus-resteasy/2.16.10.Final/quarkus-resteasy-2.16.10.Final.jar:/Users/abhis_m3/.m2/repository/io/quarkus/quarkus-vertx-http/2.16.10.Final/quarkus-vertx-http-2.16.10.Final.jar:/Users/abhis_m3/.m2/repository/io/quarkus/quarkus-security-runtime-spi/2.16.10.Final/quarkus-security-runtime-spi-2.16.10.Final.jar:/Users/abhis_m3/.m2/repository/io/quarkus/quarkus-credentials/2.16.10.Final/quarkus-credentials-2.16.10.Final.jar:/Users/abhis_m3/.m2/repository/io/quarkus/quarkus-mutiny/2.16.10.Final/quarkus-mutiny-2.16.10.Final.jar:/Users/abhis_m3/.m2/repository/io/smallrye/reactive/mutiny/1.9.0/mutiny-1.9.0.jar:/Users/abhis_m3/.m2/repository/org/reactivestreams/reactive-streams/1.0.3/reactive-streams-1.0.3.jar:/Users/abhis_m3/.m2/repository/io/quarkus/quarkus-smallrye-context-propagation/2.16.10.Final/quarkus-smallrye-context-propagation-2.16.10.Final.jar:/Users/abhis_m3/.m2/repository/io/smallrye/smallrye-context-propagation/1.2.2/smallrye-context-propagation-1.2.2.jar:/Users/abhis_m3/.m2/repository/io/smallrye/smallrye-context-propagation-api/1.2.2/smallrye-context-propagation-api-1.2.2.jar:/Users/abhis_m3/.m2/repository/io/smallrye/smallrye-context-propagation-storage/1.2.2/smallrye-context-propagation-storage-1.2.2.jar:/Users/abhis_m3/.m2/repository/io/smallrye/reactive/mutiny-smallrye-context-propagation/1.9.0/mutiny-smallrye-context-propagation-1.9.0.jar:/Users/abhis_m3/.m2/repository/io/smallrye/common/smallrye-common-vertx-context/1.13.2/smallrye-common-vertx-context-1.13.2.jar:/Users/abhis_m3/.m2/repository/io/vertx/vertx-core/4.3.7/vertx-core-4.3.7.jar:/Users/abhis_m3/.m2/repository/io/netty/netty-common/4.1.94.Final/netty-common-4.1.94.Final.jar:/Users/abhis_m3/.m2/repository/io/netty/netty-buffer/4.1.94.Final/netty-buffer-4.1.94.Final.jar:/Users/abhis_m3/.m2/repository/io/netty/netty-transport/4.1.94.Final/netty-transport-4.1.94.Final.jar:/Users/abhis_m3/.m2/repository/io/netty/netty-handler/4.1.94.Final/netty-handler-4.1.94.Final.jar:/Users/abhis_m3/.m2/repository/io/netty/netty-transport-native-unix-common/4.1.94.Final/netty-transport-native-unix-common-4.1.94.Final.jar:/Users/abhis_m3/.m2/repository/io/netty/netty-handler-proxy/4.1.94.Final/netty-handler-proxy-4.1.94.Final.jar:/Users/abhis_m3/.m2/repository/io/netty/netty-codec-socks/4.1.94.Final/netty-codec-socks-4.1.94.Final.jar:/Users/abhis_m3/.m2/repository/io/netty/netty-codec-http/4.1.94.Final/netty-codec-http-4.1.94.Final.jar:/Users/abhis_m3/.m2/repository/io/netty/netty-codec-http2/4.1.94.Final/netty-codec-http2-4.1.94.Final.jar:/Users/abhis_m3/.m2/repository/io/netty/netty-resolver/4.1.94.Final/netty-resolver-4.1.94.Final.jar:/Users/abhis_m3/.m2/repository/io/netty/netty-resolver-dns/4.1.94.Final/netty-resolver-dns-4.1.94.Final.jar:/Users/abhis_m3/.m2/repository/io/netty/netty-codec-dns/4.1.94.Final/netty-codec-dns-4.1.94.Final.jar:/Users/abhis_m3/.m2/repository/io/quarkus/quarkus-vertx-http-dev-console-runtime-spi/2.16.10.Final/quarkus-vertx-http-dev-console-runtime-spi-2.16.10.Final.jar:/Users/abhis_m3/.m2/repository/io/quarkus/security/quarkus-security/1.1.4.Final/quarkus-security-1.1.4.Final.jar:/Users/abhis_m3/.m2/repository/io/quarkus/quarkus-vertx/2.16.10.Final/quarkus-vertx-2.16.10.Final.jar:/Users/abhis_m3/.m2/repository/io/quarkus/quarkus-netty/2.16.10.Final/quarkus-netty-2.16.10.Final.jar:/Users/abhis_m3/.m2/repository/io/netty/netty-codec/4.1.94.Final/netty-codec-4.1.94.Final.jar:/Users/abhis_m3/.m2/repository/com/aayushatharva/brotli4j/brotli4j/1.12.0/brotli4j-1.12.0.jar:/Users/abhis_m3/.m2/repository/com/aayushatharva/brotli4j/service/1.12.0/service-1.12.0.jar:/Users/abhis_m3/.m2/repository/com/aayushatharva/brotli4j/native-osx-aarch64/1.12.0/native-osx-aarch64-1.12.0.jar:/Users/abhis_m3/.m2/repository/io/netty/netty-codec-haproxy/4.1.94.Final/netty-codec-haproxy-4.1.94.Final.jar:/Users/abhis_m3/.m2/repository/io/quarkus/quarkus-vertx-latebound-mdc-provider/2.16.10.Final/quarkus-vertx-latebound-mdc-provider-2.16.10.Final.jar:/Users/abhis_m3/.m2/repository/io/smallrye/reactive/smallrye-mutiny-vertx-core/2.30.1/smallrye-mutiny-vertx-core-2.30.1.jar:/Users/abhis_m3/.m2/repository/io/smallrye/reactive/smallrye-mutiny-vertx-runtime/2.30.1/smallrye-mutiny-vertx-runtime-2.30.1.jar:/Users/abhis_m3/.m2/repository/io/smallrye/reactive/vertx-mutiny-generator/2.30.1/vertx-mutiny-generator-2.30.1.jar:/Users/abhis_m3/.m2/repository/io/vertx/vertx-codegen/4.3.7/vertx-codegen-4.3.7.jar:/Users/abhis_m3/.m2/repository/io/smallrye/smallrye-fault-tolerance-vertx/5.6.0/smallrye-fault-tolerance-vertx-5.6.0.jar:/Users/abhis_m3/.m2/repository/io/smallrye/reactive/smallrye-mutiny-vertx-web/2.30.1/smallrye-mutiny-vertx-web-2.30.1.jar:/Users/abhis_m3/.m2/repository/io/smallrye/reactive/smallrye-mutiny-vertx-web-common/2.30.1/smallrye-mutiny-vertx-web-common-2.30.1.jar:/Users/abhis_m3/.m2/repository/io/smallrye/reactive/smallrye-mutiny-vertx-auth-common/2.30.1/smallrye-mutiny-vertx-auth-common-2.30.1.jar:/Users/abhis_m3/.m2/repository/io/smallrye/reactive/smallrye-mutiny-vertx-bridge-common/2.30.1/smallrye-mutiny-vertx-bridge-common-2.30.1.jar:/Users/abhis_m3/.m2/repository/io/smallrye/reactive/smallrye-mutiny-vertx-uri-template/2.30.1/smallrye-mutiny-vertx-uri-template-2.30.1.jar:/Users/abhis_m3/.m2/repository/io/vertx/vertx-uri-template/4.3.7/vertx-uri-template-4.3.7.jar:/Users/abhis_m3/.m2/repository/io/vertx/vertx-web/4.3.7/vertx-web-4.3.7.jar:/Users/abhis_m3/.m2/repository/io/vertx/vertx-web-common/4.3.7/vertx-web-common-4.3.7.jar:/Users/abhis_m3/.m2/repository/io/vertx/vertx-auth-common/4.3.7/vertx-auth-common-4.3.7.jar:/Users/abhis_m3/.m2/repository/io/vertx/vertx-bridge-common/4.3.7/vertx-bridge-common-4.3.7.jar:/Users/abhis_m3/.m2/repository/io/quarkus/quarkus-resteasy-server-common/2.16.10.Final/quarkus-resteasy-server-common-2.16.10.Final.jar:/Users/abhis_m3/.m2/repository/io/quarkus/quarkus-resteasy-common/2.16.10.Final/quarkus-resteasy-common-2.16.10.Final.jar:/Users/abhis_m3/.m2/repository/org/jboss/resteasy/resteasy-core/4.7.7.Final/resteasy-core-4.7.7.Final.jar:/Users/abhis_m3/.m2/repository/org/jboss/spec/javax/ws/rs/jboss-jaxrs-api_2.1_spec/2.0.1.Final/jboss-jaxrs-api_2.1_spec-2.0.1.Final.jar:/Users/abhis_m3/.m2/repository/org/jboss/resteasy/resteasy-core-spi/4.7.7.Final/resteasy-core-spi-4.7.7.Final.jar:/Users/abhis_m3/.m2/repository/com/ibm/async/asyncutil/0.1.0/asyncutil-0.1.0.jar:/Users/abhis_m3/.m2/repository/com/sun/activation/jakarta.activation/1.2.1/jakarta.activation-1.2.1.jar:/Users/abhis_m3/.m2/repository/jakarta/validation/jakarta.validation-api/2.0.2/jakarta.validation-api-2.0.2.jar:/Users/abhis_m3/.m2/repository/io/quarkus/quarkus-resteasy-jackson/2.16.10.Final/quarkus-resteasy-jackson-2.16.10.Final.jar:/Users/abhis_m3/.m2/repository/io/quarkus/quarkus-jackson/2.16.10.Final/quarkus-jackson-2.16.10.Final.jar:/Users/abhis_m3/.m2/repository/com/fasterxml/jackson/core/jackson-databind/2.14.2/jackson-databind-2.14.2.jar:/Users/abhis_m3/.m2/repository/com/fasterxml/jackson/datatype/jackson-datatype-jsr310/2.14.2/jackson-datatype-jsr310-2.14.2.jar:/Users/abhis_m3/.m2/repository/com/fasterxml/jackson/datatype/jackson-datatype-jdk8/2.14.2/jackson-datatype-jdk8-2.14.2.jar:/Users/abhis_m3/.m2/repository/com/fasterxml/jackson/module/jackson-module-parameter-names/2.14.2/jackson-module-parameter-names-2.14.2.jar:/Users/abhis_m3/.m2/repository/org/jboss/resteasy/resteasy-jackson2-provider/4.7.7.Final/resteasy-jackson2-provider-4.7.7.Final.jar:/Users/abhis_m3/.m2/repository/com/fasterxml/jackson/core/jackson-core/2.14.2/jackson-core-2.14.2.jar:/Users/abhis_m3/.m2/repository/com/fasterxml/jackson/core/jackson-annotations/2.14.2/jackson-annotations-2.14.2.jar:/Users/abhis_m3/.m2/repository/com/fasterxml/jackson/jaxrs/jackson-jaxrs-json-provider/2.14.2/jackson-jaxrs-json-provider-2.14.2.jar:/Users/abhis_m3/.m2/repository/com/fasterxml/jackson/jaxrs/jackson-jaxrs-base/2.14.2/jackson-jaxrs-base-2.14.2.jar:/Users/abhis_m3/.m2/repository/com/fasterxml/jackson/module/jackson-module-jaxb-annotations/2.14.2/jackson-module-jaxb-annotations-2.14.2.jar:/Users/abhis_m3/.m2/repository/com/github/java-json-tools/json-patch/1.13/json-patch-1.13.jar:/Users/abhis_m3/.m2/repository/com/github/java-json-tools/msg-simple/1.2/msg-simple-1.2.jar:/Users/abhis_m3/.m2/repository/com/github/java-json-tools/btf/1.3/btf-1.3.jar:/Users/abhis_m3/.m2/repository/com/github/java-json-tools/jackson-coreutils/2.0/jackson-coreutils-2.0.jar:/Users/abhis_m3/.m2/repository/org/jboss/spec/javax/xml/bind/jboss-jaxb-api_2.3_spec/2.0.0.Final/jboss-jaxb-api_2.3_spec-2.0.0.Final.jar:/Users/abhis_m3/.m2/repository/org/optaplanner/optaplanner-quarkus/8.45.0-SNAPSHOT/optaplanner-quarkus-8.45.0-SNAPSHOT.jar:/Users/abhis_m3/.m2/repository/io/quarkus/quarkus-arc/2.16.10.Final/quarkus-arc-2.16.10.Final.jar:/Users/abhis_m3/.m2/repository/io/quarkus/arc/arc/2.16.10.Final/arc-2.16.10.Final.jar:/Users/abhis_m3/.m2/repository/jakarta/transaction/jakarta.transaction-api/1.3.3/jakarta.transaction-api-1.3.3.jar:/Users/abhis_m3/.m2/repository/org/eclipse/microprofile/context-propagation/microprofile-context-propagation-api/1.2/microprofile-context-propagation-api-1.2.jar:/Users/abhis_m3/.m2/repository/org/optaplanner/optaplanner-core/8.45.0-SNAPSHOT/optaplanner-core-8.45.0-SNAPSHOT.jar:/Users/abhis_m3/.m2/repository/org/optaplanner/optaplanner-core-impl/8.45.0-SNAPSHOT/optaplanner-core-impl-8.45.0-SNAPSHOT.jar:/Users/abhis_m3/.m2/repository/org/apache/commons/commons-math3/3.6.1/commons-math3-3.6.1.jar:/Users/abhis_m3/.m2/repository/io/micrometer/micrometer-core/1.10.2/micrometer-core-1.10.2.jar:/Users/abhis_m3/.m2/repository/io/micrometer/micrometer-commons/1.10.2/micrometer-commons-1.10.2.jar:/Users/abhis_m3/.m2/repository/io/micrometer/micrometer-observation/1.10.2/micrometer-observation-1.10.2.jar:/Users/abhis_m3/.m2/repository/org/hdrhistogram/HdrHistogram/2.1.12/HdrHistogram-2.1.12.jar:/Users/abhis_m3/.m2/repository/org/latencyutils/LatencyUtils/2.0.3/LatencyUtils-2.0.3.jar:/Users/abhis_m3/.m2/repository/jakarta/xml/bind/jakarta.xml.bind-api/2.3.3/jakarta.xml.bind-api-2.3.3.jar:/Users/abhis_m3/.m2/repository/jakarta/activation/jakarta.activation-api/1.2.1/jakarta.activation-api-1.2.1.jar:/Users/abhis_m3/.m2/repository/org/glassfish/jaxb/jaxb-runtime/2.3.3-b02/jaxb-runtime-2.3.3-b02.jar:/Users/abhis_m3/.m2/repository/org/glassfish/jaxb/txw2/2.3.3-b02/txw2-2.3.3-b02.jar:/Users/abhis_m3/.m2/repository/com/sun/istack/istack-commons-runtime/3.0.10/istack-commons-runtime-3.0.10.jar:/Users/abhis_m3/.m2/repository/org/optaplanner/optaplanner-constraint-streams-drools/8.45.0-SNAPSHOT/optaplanner-constraint-streams-drools-8.45.0-SNAPSHOT.jar:/Users/abhis_m3/.m2/repository/org/drools/drools-engine/8.44.0.Final/drools-engine-8.44.0.Final.jar:/Users/abhis_m3/.m2/repository/org/drools/drools-core/8.44.0.Final/drools-core-8.44.0.Final.jar:/Users/abhis_m3/.m2/repository/org/kie/kie-util-xml/8.44.0.Final/kie-util-xml-8.44.0.Final.jar:/Users/abhis_m3/.m2/repository/org/drools/drools-base/8.44.0.Final/drools-base-8.44.0.Final.jar:/Users/abhis_m3/.m2/repository/org/drools/drools-io/8.44.0.Final/drools-io-8.44.0.Final.jar:/Users/abhis_m3/.m2/repository/commons-codec/commons-codec/1.15/commons-codec-1.15.jar:/Users/abhis_m3/.m2/repository/org/drools/drools-kiesession/8.44.0.Final/drools-kiesession-8.44.0.Final.jar:/Users/abhis_m3/.m2/repository/org/drools/drools-tms/8.44.0.Final/drools-tms-8.44.0.Final.jar:/Users/abhis_m3/.m2/repository/org/drools/drools-compiler/8.44.0.Final/drools-compiler-8.44.0.Final.jar:/Users/abhis_m3/.m2/repository/org/drools/drools-drl-parser/8.44.0.Final/drools-drl-parser-8.44.0.Final.jar:/Users/abhis_m3/.m2/repository/org/drools/drools-drl-extensions/8.44.0.Final/drools-drl-extensions-8.44.0.Final.jar:/Users/abhis_m3/.m2/repository/org/drools/drools-drl-ast/8.44.0.Final/drools-drl-ast-8.44.0.Final.jar:/Users/abhis_m3/.m2/repository/org/drools/drools-ecj/8.44.0.Final/drools-ecj-8.44.0.Final.jar:/Users/abhis_m3/.m2/repository/org/eclipse/jdt/ecj/3.33.0/ecj-3.33.0.jar:/Users/abhis_m3/.m2/repository/org/kie/kie-util-maven-support/8.44.0.Final/kie-util-maven-support-8.44.0.Final.jar:/Users/abhis_m3/.m2/repository/org/antlr/antlr-runtime/3.5.2/antlr-runtime-3.5.2.jar:/Users/abhis_m3/.m2/repository/org/drools/drools-model-compiler/8.44.0.Final/drools-model-compiler-8.44.0.Final.jar:/Users/abhis_m3/.m2/repository/org/drools/drools-canonical-model/8.44.0.Final/drools-canonical-model-8.44.0.Final.jar:/Users/abhis_m3/.m2/repository/org/drools/drools-model-codegen/8.44.0.Final/drools-model-codegen-8.44.0.Final.jar:/Users/abhis_m3/.m2/repository/org/drools/drools-codegen-common/8.44.0.Final/drools-codegen-common-8.44.0.Final.jar:/Users/abhis_m3/.m2/repository/com/github/javaparser/javaparser-core/3.24.2/javaparser-core-3.24.2.jar:/Users/abhis_m3/.m2/repository/org/drools/drools-mvel-parser/8.44.0.Final/drools-mvel-parser-8.44.0.Final.jar:/Users/abhis_m3/.m2/repository/org/drools/drools-mvel-compiler/8.44.0.Final/drools-mvel-compiler-8.44.0.Final.jar:/Users/abhis_m3/.m2/repository/org/drools/drools-commands/8.44.0.Final/drools-commands-8.44.0.Final.jar:/Users/abhis_m3/.m2/repository/org/drools/drools-alphanetwork-compiler/8.44.0.Final/drools-alphanetwork-compiler-8.44.0.Final.jar:/Users/abhis_m3/.m2/repository/org/optaplanner/optaplanner-constraint-drl/8.45.0-SNAPSHOT/optaplanner-constraint-drl-8.45.0-SNAPSHOT.jar:/Users/abhis_m3/.m2/repository/org/optaplanner/optaplanner-constraint-streams-bavet/8.45.0-SNAPSHOT/optaplanner-constraint-streams-bavet-8.45.0-SNAPSHOT.jar:/Users/abhis_m3/.m2/repository/org/drools/drools-wiring-static/8.44.0.Final/drools-wiring-static-8.44.0.Final.jar:/Users/abhis_m3/.m2/repository/org/drools/drools-wiring-api/8.44.0.Final/drools-wiring-api-8.44.0.Final.jar:/Users/abhis_m3/.m2/repository/org/kie/kie-memory-compiler/8.44.0.Final/kie-memory-compiler-8.44.0.Final.jar:/Users/abhis_m3/.m2/repository/org/drools/drools-util/8.44.0.Final/drools-util-8.44.0.Final.jar:/Users/abhis_m3/.m2/repository/org/kie/kie-api/8.44.0.Final/kie-api-8.44.0.Final.jar:/Users/abhis_m3/.m2/repository/org/kie/kie-internal/8.44.0.Final/kie-internal-8.44.0.Final.jar:/Users/abhis_m3/.m2/repository/io/quarkus/quarkus-webjars-locator/2.16.10.Final/quarkus-webjars-locator-2.16.10.Final.jar:/Users/abhis_m3/.m2/repository/org/webjars/bootstrap/4.5.3/bootstrap-4.5.3.jar:/Users/abhis_m3/.m2/repository/org/webjars/jquery/3.5.1/jquery-3.5.1.jar:/Users/abhis_m3/.m2/repository/org/webjars/popper.js/1.16.0/popper.js-1.16.0.jar:/Users/abhis_m3/.m2/repository/org/webjars/font-awesome/5.15.1/font-awesome-5.15.1.jar:/Users/abhis_m3/.m2/repository/org/webjars/npm/js-joda/1.11.0/js-joda-1.11.0.jar:/Users/abhis_m3/.m2/repository/io/quarkus/quarkus-junit5/2.16.10.Final/quarkus-junit5-2.16.10.Final.jar:/Users/abhis_m3/.m2/repository/io/quarkus/quarkus-bootstrap-core/2.16.10.Final/quarkus-bootstrap-core-2.16.10.Final.jar:/Users/abhis_m3/.m2/repository/io/quarkus/quarkus-bootstrap-app-model/2.16.10.Final/quarkus-bootstrap-app-model-2.16.10.Final.jar:/Users/abhis_m3/.m2/repository/org/eclipse/sisu/org.eclipse.sisu.inject/0.3.5/org.eclipse.sisu.inject-0.3.5.jar:/Users/abhis_m3/.m2/repository/io/quarkus/quarkus-test-common/2.16.10.Final/quarkus-test-common-2.16.10.Final.jar:/Users/abhis_m3/.m2/repository/io/quarkus/quarkus-core-deployment/2.16.10.Final/quarkus-core-deployment-2.16.10.Final.jar:/Users/abhis_m3/.m2/repository/org/aesh/readline/2.2/readline-2.2.jar:/Users/abhis_m3/.m2/repository/org/fusesource/jansi/jansi/1.18/jansi-1.18.jar:/Users/abhis_m3/.m2/repository/org/aesh/aesh/2.7/aesh-2.7.jar:/Users/abhis_m3/.m2/repository/org/apache/commons/commons-lang3/3.12.0/commons-lang3-3.12.0.jar:/Users/abhis_m3/.m2/repository/io/quarkus/gizmo/gizmo/1.6.0.Final/gizmo-1.6.0.Final.jar:/Users/abhis_m3/.m2/repository/org/ow2/asm/asm-util/9.4/asm-util-9.4.jar:/Users/abhis_m3/.m2/repository/org/ow2/asm/asm-analysis/9.4/asm-analysis-9.4.jar:/Users/abhis_m3/.m2/repository/org/ow2/asm/asm/9.4/asm-9.4.jar:/Users/abhis_m3/.m2/repository/org/ow2/asm/asm-commons/9.4/asm-commons-9.4.jar:/Users/abhis_m3/.m2/repository/org/ow2/asm/asm-tree/9.4/asm-tree-9.4.jar:/Users/abhis_m3/.m2/repository/io/quarkus/quarkus-class-change-agent/2.16.10.Final/quarkus-class-change-agent-2.16.10.Final.jar:/Users/abhis_m3/.m2/repository/io/quarkus/quarkus-devtools-utilities/2.16.10.Final/quarkus-devtools-utilities-2.16.10.Final.jar:/Users/abhis_m3/.m2/repository/io/quarkus/quarkus-builder/2.16.10.Final/quarkus-builder-2.16.10.Final.jar:/Users/abhis_m3/.m2/repository/org/junit/platform/junit-platform-launcher/1.9.2/junit-platform-launcher-1.9.2.jar:/Users/abhis_m3/.m2/repository/io/quarkus/quarkus-bootstrap-maven-resolver/2.16.10.Final/quarkus-bootstrap-maven-resolver-2.16.10.Final.jar:/Users/abhis_m3/.m2/repository/org/apache/maven/maven-embedder/3.8.6/maven-embedder-3.8.6.jar:/Users/abhis_m3/.m2/repository/org/apache/maven/maven-settings/3.8.6/maven-settings-3.8.6.jar:/Users/abhis_m3/.m2/repository/org/apache/maven/maven-core/3.8.6/maven-core-3.8.6.jar:/Users/abhis_m3/.m2/repository/org/apache/maven/maven-artifact/3.8.6/maven-artifact-3.8.6.jar:/Users/abhis_m3/.m2/repository/org/codehaus/plexus/plexus-component-annotations/2.1.0/plexus-component-annotations-2.1.0.jar:/Users/abhis_m3/.m2/repository/org/apache/maven/maven-plugin-api/3.8.6/maven-plugin-api-3.8.6.jar:/Users/abhis_m3/.m2/repository/org/apache/maven/maven-model/3.8.6/maven-model-3.8.6.jar:/Users/abhis_m3/.m2/repository/org/apache/maven/maven-model-builder/3.8.6/maven-model-builder-3.8.6.jar:/Users/abhis_m3/.m2/repository/org/apache/maven/maven-builder-support/3.8.6/maven-builder-support-3.8.6.jar:/Users/abhis_m3/.m2/repository/org/apache/maven/resolver/maven-resolver-api/1.6.3/maven-resolver-api-1.6.3.jar:/Users/abhis_m3/.m2/repository/org/apache/maven/resolver/maven-resolver-util/1.6.3/maven-resolver-util-1.6.3.jar:/Users/abhis_m3/.m2/repository/org/apache/maven/shared/maven-shared-utils/3.3.4/maven-shared-utils-3.3.4.jar:/Users/abhis_m3/.m2/repository/commons-io/commons-io/2.11.0/commons-io-2.11.0.jar:/Users/abhis_m3/.m2/repository/com/google/inject/guice/4.2.2/guice-4.2.2-no_aop.jar:/Users/abhis_m3/.m2/repository/com/google/guava/guava/31.1-jre/guava-31.1-jre.jar:/Users/abhis_m3/.m2/repository/com/google/guava/failureaccess/1.0.1/failureaccess-1.0.1.jar:/Users/abhis_m3/.m2/repository/org/codehaus/plexus/plexus-classworlds/2.6.0/plexus-classworlds-2.6.0.jar:/Users/abhis_m3/.m2/repository/org/codehaus/plexus/plexus-sec-dispatcher/2.0/plexus-sec-dispatcher-2.0.jar:/Users/abhis_m3/.m2/repository/org/codehaus/plexus/plexus-cipher/2.0/plexus-cipher-2.0.jar:/Users/abhis_m3/.m2/repository/commons-cli/commons-cli/1.4/commons-cli-1.4.jar:/Users/abhis_m3/.m2/repository/org/eclipse/sisu/org.eclipse.sisu.plexus/0.3.5/org.eclipse.sisu.plexus-0.3.5.jar:/Users/abhis_m3/.m2/repository/org/apache/maven/maven-settings-builder/3.8.6/maven-settings-builder-3.8.6.jar:/Users/abhis_m3/.m2/repository/org/codehaus/plexus/plexus-interpolation/1.26/plexus-interpolation-1.26.jar:/Users/abhis_m3/.m2/repository/org/apache/maven/maven-resolver-provider/3.8.6/maven-resolver-provider-3.8.6.jar:/Users/abhis_m3/.m2/repository/org/apache/maven/maven-repository-metadata/3.8.6/maven-repository-metadata-3.8.6.jar:/Users/abhis_m3/.m2/repository/org/apache/maven/resolver/maven-resolver-spi/1.6.3/maven-resolver-spi-1.6.3.jar:/Users/abhis_m3/.m2/repository/org/apache/maven/resolver/maven-resolver-impl/1.6.3/maven-resolver-impl-1.6.3.jar:/Users/abhis_m3/.m2/repository/org/codehaus/plexus/plexus-utils/3.3.0/plexus-utils-3.3.0.jar:/Users/abhis_m3/.m2/repository/org/apache/maven/resolver/maven-resolver-connector-basic/1.6.3/maven-resolver-connector-basic-1.6.3.jar:/Users/abhis_m3/.m2/repository/org/apache/maven/resolver/maven-resolver-transport-wagon/1.6.3/maven-resolver-transport-wagon-1.6.3.jar:/Users/abhis_m3/.m2/repository/org/apache/maven/wagon/wagon-http/3.5.1/wagon-http-3.5.1.jar:/Users/abhis_m3/.m2/repository/org/apache/maven/wagon/wagon-http-shared/3.5.1/wagon-http-shared-3.5.1.jar:/Users/abhis_m3/.m2/repository/org/apache/httpcomponents/httpclient/4.5.14/httpclient-4.5.14.jar:/Users/abhis_m3/.m2/repository/org/apache/httpcomponents/httpcore/4.4.16/httpcore-4.4.16.jar:/Users/abhis_m3/.m2/repository/org/apache/maven/wagon/wagon-provider-api/3.5.1/wagon-provider-api-3.5.1.jar:/Users/abhis_m3/.m2/repository/org/apache/maven/wagon/wagon-file/3.5.1/wagon-file-3.5.1.jar:/Users/abhis_m3/.m2/repository/io/quarkus/quarkus-bootstrap-gradle-resolver/2.16.10.Final/quarkus-bootstrap-gradle-resolver-2.16.10.Final.jar:/Users/abhis_m3/.m2/repository/io/smallrye/jandex/3.0.5/jandex-3.0.5.jar:/Users/abhis_m3/.m2/repository/org/jboss/logging/commons-logging-jboss-logging/1.0.0.Final/commons-logging-jboss-logging-1.0.0.Final.jar:/Users/abhis_m3/.m2/repository/io/quarkus/quarkus-junit5-properties/2.16.10.Final/quarkus-junit5-properties-2.16.10.Final.jar:/Users/abhis_m3/.m2/repository/com/thoughtworks/xstream/xstream/1.4.20/xstream-1.4.20.jar:/Users/abhis_m3/.m2/repository/io/github/x-stream/mxparser/1.2.2/mxparser-1.2.2.jar:/Users/abhis_m3/.m2/repository/xmlpull/xmlpull/1.1.3.1/xmlpull-1.1.3.1.jar:/Users/abhis_m3/.m2/repository/org/junit/jupiter/junit-jupiter/5.9.2/junit-jupiter-5.9.2.jar:/Users/abhis_m3/.m2/repository/org/junit/jupiter/junit-jupiter-api/5.9.2/junit-jupiter-api-5.9.2.jar:/Users/abhis_m3/.m2/repository/org/opentest4j/opentest4j/1.2.0/opentest4j-1.2.0.jar:/Users/abhis_m3/.m2/repository/org/junit/platform/junit-platform-commons/1.9.2/junit-platform-commons-1.9.2.jar:/Users/abhis_m3/.m2/repository/org/junit/jupiter/junit-jupiter-engine/5.9.2/junit-jupiter-engine-5.9.2.jar:/Users/abhis_m3/.m2/repository/org/junit/platform/junit-platform-engine/1.9.2/junit-platform-engine-1.9.2.jar:/Users/abhis_m3/.m2/repository/org/junit/jupiter/junit-jupiter-params/5.9.2/junit-jupiter-params-5.9.2.jar:/Users/abhis_m3/.m2/repository/org/apiguardian/apiguardian-api/1.1.2/apiguardian-api-1.1.2.jar:/Users/abhis_m3/.m2/repository/org/optaplanner/optaplanner-test/8.45.0-SNAPSHOT/optaplanner-test-8.45.0-SNAPSHOT.jar:/Users/abhis_m3/.m2/repository/org/optaplanner/optaplanner-constraint-streams-common/8.45.0-SNAPSHOT/optaplanner-constraint-streams-common-8.45.0-SNAPSHOT.jar:/Users/abhis_m3/.m2/repository/org/assertj/assertj-core/3.24.2/assertj-core-3.24.2.jar:/Users/abhis_m3/.m2/repository/net/bytebuddy/byte-buddy/1.12.18/byte-buddy-1.12.18.jar:"/>
    <property name="java.vm.vendor" value="Oracle Corporation"/>
    <property name="sun.arch.data.model" value="64"/>
    <property name="java.vendor.url" value="https://java.oracle.com/"/>
    <property name="user.timezone" value="America/Phoenix"/>
    <property name="logging.initial-configurator.min-level" value="500"/>
    <property name="os.name" value="Mac OS X"/>
    <property name="java.vm.specification.version" value="17"/>
    <property name="sun.java.launcher" value="SUN_STANDARD"/>
    <property name="user.country" value="US"/>
    <property name="sun.boot.library.path" value="/Users/abhis_m3/.sdkman/candidates/java/17.0.2-open/lib"/>
    <property name="sun.java.command" value="/Users/abhis_m3/Downloads/Opta-quickstarts-v2.0/use-cases/order-picking/target/surefire/surefirebooter-20240310224928653_3.jar /Users/abhis_m3/Downloads/Opta-quickstarts-v2.0/use-cases/order-picking/target/surefire 2024-03-10T22-49-28_587-jvmRun1 surefire-20240310224928653_1tmp surefire_0-20240310224928653_2tmp"/>
    <property name="http.nonProxyHosts" value="local|*.local|169.254/16|*.169.254/16"/>
    <property name="jdk.debug" value="release"/>
    <property name="surefire.test.class.path" value="/Users/abhis_m3/Downloads/Opta-quickstarts-v2.0/use-cases/order-picking/target/test-classes:/Users/abhis_m3/Downloads/Opta-quickstarts-v2.0/use-cases/order-picking/target/classes:/Users/abhis_m3/.m2/repository/io/quarkus/quarkus-core/2.16.10.Final/quarkus-core-2.16.10.Final.jar:/Users/abhis_m3/.m2/repository/jakarta/annotation/jakarta.annotation-api/1.3.5/jakarta.annotation-api-1.3.5.jar:/Users/abhis_m3/.m2/repository/jakarta/enterprise/jakarta.enterprise.cdi-api/2.0.2/jakarta.enterprise.cdi-api-2.0.2.jar:/Users/abhis_m3/.m2/repository/jakarta/el/jakarta.el-api/3.0.3/jakarta.el-api-3.0.3.jar:/Users/abhis_m3/.m2/repository/jakarta/interceptor/jakarta.interceptor-api/1.2.5/jakarta.interceptor-api-1.2.5.jar:/Users/abhis_m3/.m2/repository/jakarta/inject/jakarta.inject-api/1.0/jakarta.inject-api-1.0.jar:/Users/abhis_m3/.m2/repository/io/quarkus/quarkus-ide-launcher/2.16.10.Final/quarkus-ide-launcher-2.16.10.Final.jar:/Users/abhis_m3/.m2/repository/io/quarkus/quarkus-development-mode-spi/2.16.10.Final/quarkus-development-mode-spi-2.16.10.Final.jar:/Users/abhis_m3/.m2/repository/io/smallrye/config/smallrye-config/2.13.3/smallrye-config-2.13.3.jar:/Users/abhis_m3/.m2/repository/io/smallrye/config/smallrye-config-core/2.13.3/smallrye-config-core-2.13.3.jar:/Users/abhis_m3/.m2/repository/org/eclipse/microprofile/config/microprofile-config-api/2.0.1/microprofile-config-api-2.0.1.jar:/Users/abhis_m3/.m2/repository/io/smallrye/common/smallrye-common-annotation/1.13.2/smallrye-common-annotation-1.13.2.jar:/Users/abhis_m3/.m2/repository/io/smallrye/common/smallrye-common-expression/1.13.2/smallrye-common-expression-1.13.2.jar:/Users/abhis_m3/.m2/repository/io/smallrye/common/smallrye-common-function/1.13.2/smallrye-common-function-1.13.2.jar:/Users/abhis_m3/.m2/repository/io/smallrye/common/smallrye-common-constraint/1.13.2/smallrye-common-constraint-1.13.2.jar:/Users/abhis_m3/.m2/repository/io/smallrye/common/smallrye-common-classloader/1.13.2/smallrye-common-classloader-1.13.2.jar:/Users/abhis_m3/.m2/repository/io/smallrye/config/smallrye-config-common/2.13.3/smallrye-config-common-2.13.3.jar:/Users/abhis_m3/.m2/repository/org/jboss/logging/jboss-logging/3.5.0.Final/jboss-logging-3.5.0.Final.jar:/Users/abhis_m3/.m2/repository/org/jboss/logmanager/jboss-logmanager-embedded/1.0.11/jboss-logmanager-embedded-1.0.11.jar:/Users/abhis_m3/.m2/repository/org/jboss/logging/jboss-logging-annotations/2.2.1.Final/jboss-logging-annotations-2.2.1.Final.jar:/Users/abhis_m3/.m2/repository/org/jboss/threads/jboss-threads/3.4.3.Final/jboss-threads-3.4.3.Final.jar:/Users/abhis_m3/.m2/repository/org/slf4j/slf4j-api/1.7.36/slf4j-api-1.7.36.jar:/Users/abhis_m3/.m2/repository/org/jboss/slf4j/slf4j-jboss-logmanager/1.2.0.Final/slf4j-jboss-logmanager-1.2.0.Final.jar:/Users/abhis_m3/.m2/repository/org/graalvm/sdk/graal-sdk/22.3.0/graal-sdk-22.3.0.jar:/Users/abhis_m3/.m2/repository/org/wildfly/common/wildfly-common/1.5.4.Final-format-001/wildfly-common-1.5.4.Final-format-001.jar:/Users/abhis_m3/.m2/repository/io/quarkus/quarkus-bootstrap-runner/2.16.10.Final/quarkus-bootstrap-runner-2.16.10.Final.jar:/Users/abhis_m3/.m2/repository/io/smallrye/common/smallrye-common-io/1.13.2/smallrye-common-io-1.13.2.jar:/Users/abhis_m3/.m2/repository/io/github/crac/org-crac/0.1.3/org-crac-0.1.3.jar:/Users/abhis_m3/.m2/repository/io/quarkus/quarkus-fs-util/0.0.9/quarkus-fs-util-0.0.9.jar:/Users/abhis_m3/.m2/repository/io/quarkus/quarkus-resteasy/2.16.10.Final/quarkus-resteasy-2.16.10.Final.jar:/Users/abhis_m3/.m2/repository/io/quarkus/quarkus-vertx-http/2.16.10.Final/quarkus-vertx-http-2.16.10.Final.jar:/Users/abhis_m3/.m2/repository/io/quarkus/quarkus-security-runtime-spi/2.16.10.Final/quarkus-security-runtime-spi-2.16.10.Final.jar:/Users/abhis_m3/.m2/repository/io/quarkus/quarkus-credentials/2.16.10.Final/quarkus-credentials-2.16.10.Final.jar:/Users/abhis_m3/.m2/repository/io/quarkus/quarkus-mutiny/2.16.10.Final/quarkus-mutiny-2.16.10.Final.jar:/Users/abhis_m3/.m2/repository/io/smallrye/reactive/mutiny/1.9.0/mutiny-1.9.0.jar:/Users/abhis_m3/.m2/repository/org/reactivestreams/reactive-streams/1.0.3/reactive-streams-1.0.3.jar:/Users/abhis_m3/.m2/repository/io/quarkus/quarkus-smallrye-context-propagation/2.16.10.Final/quarkus-smallrye-context-propagation-2.16.10.Final.jar:/Users/abhis_m3/.m2/repository/io/smallrye/smallrye-context-propagation/1.2.2/smallrye-context-propagation-1.2.2.jar:/Users/abhis_m3/.m2/repository/io/smallrye/smallrye-context-propagation-api/1.2.2/smallrye-context-propagation-api-1.2.2.jar:/Users/abhis_m3/.m2/repository/io/smallrye/smallrye-context-propagation-storage/1.2.2/smallrye-context-propagation-storage-1.2.2.jar:/Users/abhis_m3/.m2/repository/io/smallrye/reactive/mutiny-smallrye-context-propagation/1.9.0/mutiny-smallrye-context-propagation-1.9.0.jar:/Users/abhis_m3/.m2/repository/io/smallrye/common/smallrye-common-vertx-context/1.13.2/smallrye-common-vertx-context-1.13.2.jar:/Users/abhis_m3/.m2/repository/io/vertx/vertx-core/4.3.7/vertx-core-4.3.7.jar:/Users/abhis_m3/.m2/repository/io/netty/netty-common/4.1.94.Final/netty-common-4.1.94.Final.jar:/Users/abhis_m3/.m2/repository/io/netty/netty-buffer/4.1.94.Final/netty-buffer-4.1.94.Final.jar:/Users/abhis_m3/.m2/repository/io/netty/netty-transport/4.1.94.Final/netty-transport-4.1.94.Final.jar:/Users/abhis_m3/.m2/repository/io/netty/netty-handler/4.1.94.Final/netty-handler-4.1.94.Final.jar:/Users/abhis_m3/.m2/repository/io/netty/netty-transport-native-unix-common/4.1.94.Final/netty-transport-native-unix-common-4.1.94.Final.jar:/Users/abhis_m3/.m2/repository/io/netty/netty-handler-proxy/4.1.94.Final/netty-handler-proxy-4.1.94.Final.jar:/Users/abhis_m3/.m2/repository/io/netty/netty-codec-socks/4.1.94.Final/netty-codec-socks-4.1.94.Final.jar:/Users/abhis_m3/.m2/repository/io/netty/netty-codec-http/4.1.94.Final/netty-codec-http-4.1.94.Final.jar:/Users/abhis_m3/.m2/repository/io/netty/netty-codec-http2/4.1.94.Final/netty-codec-http2-4.1.94.Final.jar:/Users/abhis_m3/.m2/repository/io/netty/netty-resolver/4.1.94.Final/netty-resolver-4.1.94.Final.jar:/Users/abhis_m3/.m2/repository/io/netty/netty-resolver-dns/4.1.94.Final/netty-resolver-dns-4.1.94.Final.jar:/Users/abhis_m3/.m2/repository/io/netty/netty-codec-dns/4.1.94.Final/netty-codec-dns-4.1.94.Final.jar:/Users/abhis_m3/.m2/repository/io/quarkus/quarkus-vertx-http-dev-console-runtime-spi/2.16.10.Final/quarkus-vertx-http-dev-console-runtime-spi-2.16.10.Final.jar:/Users/abhis_m3/.m2/repository/io/quarkus/security/quarkus-security/1.1.4.Final/quarkus-security-1.1.4.Final.jar:/Users/abhis_m3/.m2/repository/io/quarkus/quarkus-vertx/2.16.10.Final/quarkus-vertx-2.16.10.Final.jar:/Users/abhis_m3/.m2/repository/io/quarkus/quarkus-netty/2.16.10.Final/quarkus-netty-2.16.10.Final.jar:/Users/abhis_m3/.m2/repository/io/netty/netty-codec/4.1.94.Final/netty-codec-4.1.94.Final.jar:/Users/abhis_m3/.m2/repository/com/aayushatharva/brotli4j/brotli4j/1.12.0/brotli4j-1.12.0.jar:/Users/abhis_m3/.m2/repository/com/aayushatharva/brotli4j/service/1.12.0/service-1.12.0.jar:/Users/abhis_m3/.m2/repository/com/aayushatharva/brotli4j/native-osx-aarch64/1.12.0/native-osx-aarch64-1.12.0.jar:/Users/abhis_m3/.m2/repository/io/netty/netty-codec-haproxy/4.1.94.Final/netty-codec-haproxy-4.1.94.Final.jar:/Users/abhis_m3/.m2/repository/io/quarkus/quarkus-vertx-latebound-mdc-provider/2.16.10.Final/quarkus-vertx-latebound-mdc-provider-2.16.10.Final.jar:/Users/abhis_m3/.m2/repository/io/smallrye/reactive/smallrye-mutiny-vertx-core/2.30.1/smallrye-mutiny-vertx-core-2.30.1.jar:/Users/abhis_m3/.m2/repository/io/smallrye/reactive/smallrye-mutiny-vertx-runtime/2.30.1/smallrye-mutiny-vertx-runtime-2.30.1.jar:/Users/abhis_m3/.m2/repository/io/smallrye/reactive/vertx-mutiny-generator/2.30.1/vertx-mutiny-generator-2.30.1.jar:/Users/abhis_m3/.m2/repository/io/vertx/vertx-codegen/4.3.7/vertx-codegen-4.3.7.jar:/Users/abhis_m3/.m2/repository/io/smallrye/smallrye-fault-tolerance-vertx/5.6.0/smallrye-fault-tolerance-vertx-5.6.0.jar:/Users/abhis_m3/.m2/repository/io/smallrye/reactive/smallrye-mutiny-vertx-web/2.30.1/smallrye-mutiny-vertx-web-2.30.1.jar:/Users/abhis_m3/.m2/repository/io/smallrye/reactive/smallrye-mutiny-vertx-web-common/2.30.1/smallrye-mutiny-vertx-web-common-2.30.1.jar:/Users/abhis_m3/.m2/repository/io/smallrye/reactive/smallrye-mutiny-vertx-auth-common/2.30.1/smallrye-mutiny-vertx-auth-common-2.30.1.jar:/Users/abhis_m3/.m2/repository/io/smallrye/reactive/smallrye-mutiny-vertx-bridge-common/2.30.1/smallrye-mutiny-vertx-bridge-common-2.30.1.jar:/Users/abhis_m3/.m2/repository/io/smallrye/reactive/smallrye-mutiny-vertx-uri-template/2.30.1/smallrye-mutiny-vertx-uri-template-2.30.1.jar:/Users/abhis_m3/.m2/repository/io/vertx/vertx-uri-template/4.3.7/vertx-uri-template-4.3.7.jar:/Users/abhis_m3/.m2/repository/io/vertx/vertx-web/4.3.7/vertx-web-4.3.7.jar:/Users/abhis_m3/.m2/repository/io/vertx/vertx-web-common/4.3.7/vertx-web-common-4.3.7.jar:/Users/abhis_m3/.m2/repository/io/vertx/vertx-auth-common/4.3.7/vertx-auth-common-4.3.7.jar:/Users/abhis_m3/.m2/repository/io/vertx/vertx-bridge-common/4.3.7/vertx-bridge-common-4.3.7.jar:/Users/abhis_m3/.m2/repository/io/quarkus/quarkus-resteasy-server-common/2.16.10.Final/quarkus-resteasy-server-common-2.16.10.Final.jar:/Users/abhis_m3/.m2/repository/io/quarkus/quarkus-resteasy-common/2.16.10.Final/quarkus-resteasy-common-2.16.10.Final.jar:/Users/abhis_m3/.m2/repository/org/jboss/resteasy/resteasy-core/4.7.7.Final/resteasy-core-4.7.7.Final.jar:/Users/abhis_m3/.m2/repository/org/jboss/spec/javax/ws/rs/jboss-jaxrs-api_2.1_spec/2.0.1.Final/jboss-jaxrs-api_2.1_spec-2.0.1.Final.jar:/Users/abhis_m3/.m2/repository/org/jboss/resteasy/resteasy-core-spi/4.7.7.Final/resteasy-core-spi-4.7.7.Final.jar:/Users/abhis_m3/.m2/repository/com/ibm/async/asyncutil/0.1.0/asyncutil-0.1.0.jar:/Users/abhis_m3/.m2/repository/com/sun/activation/jakarta.activation/1.2.1/jakarta.activation-1.2.1.jar:/Users/abhis_m3/.m2/repository/jakarta/validation/jakarta.validation-api/2.0.2/jakarta.validation-api-2.0.2.jar:/Users/abhis_m3/.m2/repository/io/quarkus/quarkus-resteasy-jackson/2.16.10.Final/quarkus-resteasy-jackson-2.16.10.Final.jar:/Users/abhis_m3/.m2/repository/io/quarkus/quarkus-jackson/2.16.10.Final/quarkus-jackson-2.16.10.Final.jar:/Users/abhis_m3/.m2/repository/com/fasterxml/jackson/core/jackson-databind/2.14.2/jackson-databind-2.14.2.jar:/Users/abhis_m3/.m2/repository/com/fasterxml/jackson/datatype/jackson-datatype-jsr310/2.14.2/jackson-datatype-jsr310-2.14.2.jar:/Users/abhis_m3/.m2/repository/com/fasterxml/jackson/datatype/jackson-datatype-jdk8/2.14.2/jackson-datatype-jdk8-2.14.2.jar:/Users/abhis_m3/.m2/repository/com/fasterxml/jackson/module/jackson-module-parameter-names/2.14.2/jackson-module-parameter-names-2.14.2.jar:/Users/abhis_m3/.m2/repository/org/jboss/resteasy/resteasy-jackson2-provider/4.7.7.Final/resteasy-jackson2-provider-4.7.7.Final.jar:/Users/abhis_m3/.m2/repository/com/fasterxml/jackson/core/jackson-core/2.14.2/jackson-core-2.14.2.jar:/Users/abhis_m3/.m2/repository/com/fasterxml/jackson/core/jackson-annotations/2.14.2/jackson-annotations-2.14.2.jar:/Users/abhis_m3/.m2/repository/com/fasterxml/jackson/jaxrs/jackson-jaxrs-json-provider/2.14.2/jackson-jaxrs-json-provider-2.14.2.jar:/Users/abhis_m3/.m2/repository/com/fasterxml/jackson/jaxrs/jackson-jaxrs-base/2.14.2/jackson-jaxrs-base-2.14.2.jar:/Users/abhis_m3/.m2/repository/com/fasterxml/jackson/module/jackson-module-jaxb-annotations/2.14.2/jackson-module-jaxb-annotations-2.14.2.jar:/Users/abhis_m3/.m2/repository/com/github/java-json-tools/json-patch/1.13/json-patch-1.13.jar:/Users/abhis_m3/.m2/repository/com/github/java-json-tools/msg-simple/1.2/msg-simple-1.2.jar:/Users/abhis_m3/.m2/repository/com/github/java-json-tools/btf/1.3/btf-1.3.jar:/Users/abhis_m3/.m2/repository/com/github/java-json-tools/jackson-coreutils/2.0/jackson-coreutils-2.0.jar:/Users/abhis_m3/.m2/repository/org/jboss/spec/javax/xml/bind/jboss-jaxb-api_2.3_spec/2.0.0.Final/jboss-jaxb-api_2.3_spec-2.0.0.Final.jar:/Users/abhis_m3/.m2/repository/org/optaplanner/optaplanner-quarkus/8.45.0-SNAPSHOT/optaplanner-quarkus-8.45.0-SNAPSHOT.jar:/Users/abhis_m3/.m2/repository/io/quarkus/quarkus-arc/2.16.10.Final/quarkus-arc-2.16.10.Final.jar:/Users/abhis_m3/.m2/repository/io/quarkus/arc/arc/2.16.10.Final/arc-2.16.10.Final.jar:/Users/abhis_m3/.m2/repository/jakarta/transaction/jakarta.transaction-api/1.3.3/jakarta.transaction-api-1.3.3.jar:/Users/abhis_m3/.m2/repository/org/eclipse/microprofile/context-propagation/microprofile-context-propagation-api/1.2/microprofile-context-propagation-api-1.2.jar:/Users/abhis_m3/.m2/repository/org/optaplanner/optaplanner-core/8.45.0-SNAPSHOT/optaplanner-core-8.45.0-SNAPSHOT.jar:/Users/abhis_m3/.m2/repository/org/optaplanner/optaplanner-core-impl/8.45.0-SNAPSHOT/optaplanner-core-impl-8.45.0-SNAPSHOT.jar:/Users/abhis_m3/.m2/repository/org/apache/commons/commons-math3/3.6.1/commons-math3-3.6.1.jar:/Users/abhis_m3/.m2/repository/io/micrometer/micrometer-core/1.10.2/micrometer-core-1.10.2.jar:/Users/abhis_m3/.m2/repository/io/micrometer/micrometer-commons/1.10.2/micrometer-commons-1.10.2.jar:/Users/abhis_m3/.m2/repository/io/micrometer/micrometer-observation/1.10.2/micrometer-observation-1.10.2.jar:/Users/abhis_m3/.m2/repository/org/hdrhistogram/HdrHistogram/2.1.12/HdrHistogram-2.1.12.jar:/Users/abhis_m3/.m2/repository/org/latencyutils/LatencyUtils/2.0.3/LatencyUtils-2.0.3.jar:/Users/abhis_m3/.m2/repository/jakarta/xml/bind/jakarta.xml.bind-api/2.3.3/jakarta.xml.bind-api-2.3.3.jar:/Users/abhis_m3/.m2/repository/jakarta/activation/jakarta.activation-api/1.2.1/jakarta.activation-api-1.2.1.jar:/Users/abhis_m3/.m2/repository/org/glassfish/jaxb/jaxb-runtime/2.3.3-b02/jaxb-runtime-2.3.3-b02.jar:/Users/abhis_m3/.m2/repository/org/glassfish/jaxb/txw2/2.3.3-b02/txw2-2.3.3-b02.jar:/Users/abhis_m3/.m2/repository/com/sun/istack/istack-commons-runtime/3.0.10/istack-commons-runtime-3.0.10.jar:/Users/abhis_m3/.m2/repository/org/optaplanner/optaplanner-constraint-streams-drools/8.45.0-SNAPSHOT/optaplanner-constraint-streams-drools-8.45.0-SNAPSHOT.jar:/Users/abhis_m3/.m2/repository/org/drools/drools-engine/8.44.0.Final/drools-engine-8.44.0.Final.jar:/Users/abhis_m3/.m2/repository/org/drools/drools-core/8.44.0.Final/drools-core-8.44.0.Final.jar:/Users/abhis_m3/.m2/repository/org/kie/kie-util-xml/8.44.0.Final/kie-util-xml-8.44.0.Final.jar:/Users/abhis_m3/.m2/repository/org/drools/drools-base/8.44.0.Final/drools-base-8.44.0.Final.jar:/Users/abhis_m3/.m2/repository/org/drools/drools-io/8.44.0.Final/drools-io-8.44.0.Final.jar:/Users/abhis_m3/.m2/repository/commons-codec/commons-codec/1.15/commons-codec-1.15.jar:/Users/abhis_m3/.m2/repository/org/drools/drools-kiesession/8.44.0.Final/drools-kiesession-8.44.0.Final.jar:/Users/abhis_m3/.m2/repository/org/drools/drools-tms/8.44.0.Final/drools-tms-8.44.0.Final.jar:/Users/abhis_m3/.m2/repository/org/drools/drools-compiler/8.44.0.Final/drools-compiler-8.44.0.Final.jar:/Users/abhis_m3/.m2/repository/org/drools/drools-drl-parser/8.44.0.Final/drools-drl-parser-8.44.0.Final.jar:/Users/abhis_m3/.m2/repository/org/drools/drools-drl-extensions/8.44.0.Final/drools-drl-extensions-8.44.0.Final.jar:/Users/abhis_m3/.m2/repository/org/drools/drools-drl-ast/8.44.0.Final/drools-drl-ast-8.44.0.Final.jar:/Users/abhis_m3/.m2/repository/org/drools/drools-ecj/8.44.0.Final/drools-ecj-8.44.0.Final.jar:/Users/abhis_m3/.m2/repository/org/eclipse/jdt/ecj/3.33.0/ecj-3.33.0.jar:/Users/abhis_m3/.m2/repository/org/kie/kie-util-maven-support/8.44.0.Final/kie-util-maven-support-8.44.0.Final.jar:/Users/abhis_m3/.m2/repository/org/antlr/antlr-runtime/3.5.2/antlr-runtime-3.5.2.jar:/Users/abhis_m3/.m2/repository/org/drools/drools-model-compiler/8.44.0.Final/drools-model-compiler-8.44.0.Final.jar:/Users/abhis_m3/.m2/repository/org/drools/drools-canonical-model/8.44.0.Final/drools-canonical-model-8.44.0.Final.jar:/Users/abhis_m3/.m2/repository/org/drools/drools-model-codegen/8.44.0.Final/drools-model-codegen-8.44.0.Final.jar:/Users/abhis_m3/.m2/repository/org/drools/drools-codegen-common/8.44.0.Final/drools-codegen-common-8.44.0.Final.jar:/Users/abhis_m3/.m2/repository/com/github/javaparser/javaparser-core/3.24.2/javaparser-core-3.24.2.jar:/Users/abhis_m3/.m2/repository/org/drools/drools-mvel-parser/8.44.0.Final/drools-mvel-parser-8.44.0.Final.jar:/Users/abhis_m3/.m2/repository/org/drools/drools-mvel-compiler/8.44.0.Final/drools-mvel-compiler-8.44.0.Final.jar:/Users/abhis_m3/.m2/repository/org/drools/drools-commands/8.44.0.Final/drools-commands-8.44.0.Final.jar:/Users/abhis_m3/.m2/repository/org/drools/drools-alphanetwork-compiler/8.44.0.Final/drools-alphanetwork-compiler-8.44.0.Final.jar:/Users/abhis_m3/.m2/repository/org/optaplanner/optaplanner-constraint-drl/8.45.0-SNAPSHOT/optaplanner-constraint-drl-8.45.0-SNAPSHOT.jar:/Users/abhis_m3/.m2/repository/org/optaplanner/optaplanner-constraint-streams-bavet/8.45.0-SNAPSHOT/optaplanner-constraint-streams-bavet-8.45.0-SNAPSHOT.jar:/Users/abhis_m3/.m2/repository/org/drools/drools-wiring-static/8.44.0.Final/drools-wiring-static-8.44.0.Final.jar:/Users/abhis_m3/.m2/repository/org/drools/drools-wiring-api/8.44.0.Final/drools-wiring-api-8.44.0.Final.jar:/Users/abhis_m3/.m2/repository/org/kie/kie-memory-compiler/8.44.0.Final/kie-memory-compiler-8.44.0.Final.jar:/Users/abhis_m3/.m2/repository/org/drools/drools-util/8.44.0.Final/drools-util-8.44.0.Final.jar:/Users/abhis_m3/.m2/repository/org/kie/kie-api/8.44.0.Final/kie-api-8.44.0.Final.jar:/Users/abhis_m3/.m2/repository/org/kie/kie-internal/8.44.0.Final/kie-internal-8.44.0.Final.jar:/Users/abhis_m3/.m2/repository/io/quarkus/quarkus-webjars-locator/2.16.10.Final/quarkus-webjars-locator-2.16.10.Final.jar:/Users/abhis_m3/.m2/repository/org/webjars/bootstrap/4.5.3/bootstrap-4.5.3.jar:/Users/abhis_m3/.m2/repository/org/webjars/jquery/3.5.1/jquery-3.5.1.jar:/Users/abhis_m3/.m2/repository/org/webjars/popper.js/1.16.0/popper.js-1.16.0.jar:/Users/abhis_m3/.m2/repository/org/webjars/font-awesome/5.15.1/font-awesome-5.15.1.jar:/Users/abhis_m3/.m2/repository/org/webjars/npm/js-joda/1.11.0/js-joda-1.11.0.jar:/Users/abhis_m3/.m2/repository/io/quarkus/quarkus-junit5/2.16.10.Final/quarkus-junit5-2.16.10.Final.jar:/Users/abhis_m3/.m2/repository/io/quarkus/quarkus-bootstrap-core/2.16.10.Final/quarkus-bootstrap-core-2.16.10.Final.jar:/Users/abhis_m3/.m2/repository/io/quarkus/quarkus-bootstrap-app-model/2.16.10.Final/quarkus-bootstrap-app-model-2.16.10.Final.jar:/Users/abhis_m3/.m2/repository/org/eclipse/sisu/org.eclipse.sisu.inject/0.3.5/org.eclipse.sisu.inject-0.3.5.jar:/Users/abhis_m3/.m2/repository/io/quarkus/quarkus-test-common/2.16.10.Final/quarkus-test-common-2.16.10.Final.jar:/Users/abhis_m3/.m2/repository/io/quarkus/quarkus-core-deployment/2.16.10.Final/quarkus-core-deployment-2.16.10.Final.jar:/Users/abhis_m3/.m2/repository/org/aesh/readline/2.2/readline-2.2.jar:/Users/abhis_m3/.m2/repository/org/fusesource/jansi/jansi/1.18/jansi-1.18.jar:/Users/abhis_m3/.m2/repository/org/aesh/aesh/2.7/aesh-2.7.jar:/Users/abhis_m3/.m2/repository/org/apache/commons/commons-lang3/3.12.0/commons-lang3-3.12.0.jar:/Users/abhis_m3/.m2/repository/io/quarkus/gizmo/gizmo/1.6.0.Final/gizmo-1.6.0.Final.jar:/Users/abhis_m3/.m2/repository/org/ow2/asm/asm-util/9.4/asm-util-9.4.jar:/Users/abhis_m3/.m2/repository/org/ow2/asm/asm-analysis/9.4/asm-analysis-9.4.jar:/Users/abhis_m3/.m2/repository/org/ow2/asm/asm/9.4/asm-9.4.jar:/Users/abhis_m3/.m2/repository/org/ow2/asm/asm-commons/9.4/asm-commons-9.4.jar:/Users/abhis_m3/.m2/repository/org/ow2/asm/asm-tree/9.4/asm-tree-9.4.jar:/Users/abhis_m3/.m2/repository/io/quarkus/quarkus-class-change-agent/2.16.10.Final/quarkus-class-change-agent-2.16.10.Final.jar:/Users/abhis_m3/.m2/repository/io/quarkus/quarkus-devtools-utilities/2.16.10.Final/quarkus-devtools-utilities-2.16.10.Final.jar:/Users/abhis_m3/.m2/repository/io/quarkus/quarkus-builder/2.16.10.Final/quarkus-builder-2.16.10.Final.jar:/Users/abhis_m3/.m2/repository/org/junit/platform/junit-platform-launcher/1.9.2/junit-platform-launcher-1.9.2.jar:/Users/abhis_m3/.m2/repository/io/quarkus/quarkus-bootstrap-maven-resolver/2.16.10.Final/quarkus-bootstrap-maven-resolver-2.16.10.Final.jar:/Users/abhis_m3/.m2/repository/org/apache/maven/maven-embedder/3.8.6/maven-embedder-3.8.6.jar:/Users/abhis_m3/.m2/repository/org/apache/maven/maven-settings/3.8.6/maven-settings-3.8.6.jar:/Users/abhis_m3/.m2/repository/org/apache/maven/maven-core/3.8.6/maven-core-3.8.6.jar:/Users/abhis_m3/.m2/repository/org/apache/maven/maven-artifact/3.8.6/maven-artifact-3.8.6.jar:/Users/abhis_m3/.m2/repository/org/codehaus/plexus/plexus-component-annotations/2.1.0/plexus-component-annotations-2.1.0.jar:/Users/abhis_m3/.m2/repository/org/apache/maven/maven-plugin-api/3.8.6/maven-plugin-api-3.8.6.jar:/Users/abhis_m3/.m2/repository/org/apache/maven/maven-model/3.8.6/maven-model-3.8.6.jar:/Users/abhis_m3/.m2/repository/org/apache/maven/maven-model-builder/3.8.6/maven-model-builder-3.8.6.jar:/Users/abhis_m3/.m2/repository/org/apache/maven/maven-builder-support/3.8.6/maven-builder-support-3.8.6.jar:/Users/abhis_m3/.m2/repository/org/apache/maven/resolver/maven-resolver-api/1.6.3/maven-resolver-api-1.6.3.jar:/Users/abhis_m3/.m2/repository/org/apache/maven/resolver/maven-resolver-util/1.6.3/maven-resolver-util-1.6.3.jar:/Users/abhis_m3/.m2/repository/org/apache/maven/shared/maven-shared-utils/3.3.4/maven-shared-utils-3.3.4.jar:/Users/abhis_m3/.m2/repository/commons-io/commons-io/2.11.0/commons-io-2.11.0.jar:/Users/abhis_m3/.m2/repository/com/google/inject/guice/4.2.2/guice-4.2.2-no_aop.jar:/Users/abhis_m3/.m2/repository/com/google/guava/guava/31.1-jre/guava-31.1-jre.jar:/Users/abhis_m3/.m2/repository/com/google/guava/failureaccess/1.0.1/failureaccess-1.0.1.jar:/Users/abhis_m3/.m2/repository/org/codehaus/plexus/plexus-classworlds/2.6.0/plexus-classworlds-2.6.0.jar:/Users/abhis_m3/.m2/repository/org/codehaus/plexus/plexus-sec-dispatcher/2.0/plexus-sec-dispatcher-2.0.jar:/Users/abhis_m3/.m2/repository/org/codehaus/plexus/plexus-cipher/2.0/plexus-cipher-2.0.jar:/Users/abhis_m3/.m2/repository/commons-cli/commons-cli/1.4/commons-cli-1.4.jar:/Users/abhis_m3/.m2/repository/org/eclipse/sisu/org.eclipse.sisu.plexus/0.3.5/org.eclipse.sisu.plexus-0.3.5.jar:/Users/abhis_m3/.m2/repository/org/apache/maven/maven-settings-builder/3.8.6/maven-settings-builder-3.8.6.jar:/Users/abhis_m3/.m2/repository/org/codehaus/plexus/plexus-interpolation/1.26/plexus-interpolation-1.26.jar:/Users/abhis_m3/.m2/repository/org/apache/maven/maven-resolver-provider/3.8.6/maven-resolver-provider-3.8.6.jar:/Users/abhis_m3/.m2/repository/org/apache/maven/maven-repository-metadata/3.8.6/maven-repository-metadata-3.8.6.jar:/Users/abhis_m3/.m2/repository/org/apache/maven/resolver/maven-resolver-spi/1.6.3/maven-resolver-spi-1.6.3.jar:/Users/abhis_m3/.m2/repository/org/apache/maven/resolver/maven-resolver-impl/1.6.3/maven-resolver-impl-1.6.3.jar:/Users/abhis_m3/.m2/repository/org/codehaus/plexus/plexus-utils/3.3.0/plexus-utils-3.3.0.jar:/Users/abhis_m3/.m2/repository/org/apache/maven/resolver/maven-resolver-connector-basic/1.6.3/maven-resolver-connector-basic-1.6.3.jar:/Users/abhis_m3/.m2/repository/org/apache/maven/resolver/maven-resolver-transport-wagon/1.6.3/maven-resolver-transport-wagon-1.6.3.jar:/Users/abhis_m3/.m2/repository/org/apache/maven/wagon/wagon-http/3.5.1/wagon-http-3.5.1.jar:/Users/abhis_m3/.m2/repository/org/apache/maven/wagon/wagon-http-shared/3.5.1/wagon-http-shared-3.5.1.jar:/Users/abhis_m3/.m2/repository/org/apache/httpcomponents/httpclient/4.5.14/httpclient-4.5.14.jar:/Users/abhis_m3/.m2/repository/org/apache/httpcomponents/httpcore/4.4.16/httpcore-4.4.16.jar:/Users/abhis_m3/.m2/repository/org/apache/maven/wagon/wagon-provider-api/3.5.1/wagon-provider-api-3.5.1.jar:/Users/abhis_m3/.m2/repository/org/apache/maven/wagon/wagon-file/3.5.1/wagon-file-3.5.1.jar:/Users/abhis_m3/.m2/repository/io/quarkus/quarkus-bootstrap-gradle-resolver/2.16.10.Final/quarkus-bootstrap-gradle-resolver-2.16.10.Final.jar:/Users/abhis_m3/.m2/repository/io/smallrye/jandex/3.0.5/jandex-3.0.5.jar:/Users/abhis_m3/.m2/repository/org/jboss/logging/commons-logging-jboss-logging/1.0.0.Final/commons-logging-jboss-logging-1.0.0.Final.jar:/Users/abhis_m3/.m2/repository/io/quarkus/quarkus-junit5-properties/2.16.10.Final/quarkus-junit5-properties-2.16.10.Final.jar:/Users/abhis_m3/.m2/repository/com/thoughtworks/xstream/xstream/1.4.20/xstream-1.4.20.jar:/Users/abhis_m3/.m2/repository/io/github/x-stream/mxparser/1.2.2/mxparser-1.2.2.jar:/Users/abhis_m3/.m2/repository/xmlpull/xmlpull/1.1.3.1/xmlpull-1.1.3.1.jar:/Users/abhis_m3/.m2/repository/org/junit/jupiter/junit-jupiter/5.9.2/junit-jupiter-5.9.2.jar:/Users/abhis_m3/.m2/repository/org/junit/jupiter/junit-jupiter-api/5.9.2/junit-jupiter-api-5.9.2.jar:/Users/abhis_m3/.m2/repository/org/opentest4j/opentest4j/1.2.0/opentest4j-1.2.0.jar:/Users/abhis_m3/.m2/repository/org/junit/platform/junit-platform-commons/1.9.2/junit-platform-commons-1.9.2.jar:/Users/abhis_m3/.m2/repository/org/junit/jupiter/junit-jupiter-engine/5.9.2/junit-jupiter-engine-5.9.2.jar:/Users/abhis_m3/.m2/repository/org/junit/platform/junit-platform-engine/1.9.2/junit-platform-engine-1.9.2.jar:/Users/abhis_m3/.m2/repository/org/junit/jupiter/junit-jupiter-params/5.9.2/junit-jupiter-params-5.9.2.jar:/Users/abhis_m3/.m2/repository/org/apiguardian/apiguardian-api/1.1.2/apiguardian-api-1.1.2.jar:/Users/abhis_m3/.m2/repository/org/optaplanner/optaplanner-test/8.45.0-SNAPSHOT/optaplanner-test-8.45.0-SNAPSHOT.jar:/Users/abhis_m3/.m2/repository/org/optaplanner/optaplanner-constraint-streams-common/8.45.0-SNAPSHOT/optaplanner-constraint-streams-common-8.45.0-SNAPSHOT.jar:/Users/abhis_m3/.m2/repository/org/assertj/assertj-core/3.24.2/assertj-core-3.24.2.jar:/Users/abhis_m3/.m2/repository/net/bytebuddy/byte-buddy/1.12.18/byte-buddy-1.12.18.jar:"/>
    <property name="sun.cpu.endian" value="little"/>
    <property name="user.home" value="/Users/abhis_m3"/>
    <property name="user.language" value="en"/>
    <property name="jboss.log-version" value="false"/>
    <property name="java.specification.vendor" value="Oracle Corporation"/>
    <property name="io.netty.allocator.maxOrder" value="3"/>
    <property name="java.version.date" value="2022-01-18"/>
    <property name="java.home" value="/Users/abhis_m3/.sdkman/candidates/java/17.0.2-open"/>
    <property name="file.separator" value="/"/>
    <property name="basedir" value="/Users/abhis_m3/Downloads/Opta-quickstarts-v2.0/use-cases/order-picking"/>
    <property name="java.vm.compressedOopsMode" value="Zero based"/>
    <property name="line.separator" value="&#10;"/>
    <property name="java.vm.specification.vendor" value="Oracle Corporation"/>
    <property name="java.specification.name" value="Java Platform API Specification"/>
    <property name="surefire.real.class.path" value="/Users/abhis_m3/Downloads/Opta-quickstarts-v2.0/use-cases/order-picking/target/surefire/surefirebooter-20240310224928653_3.jar"/>
    <property name="sun.management.compiler" value="HotSpot 64-Bit Tiered Compilers"/>
    <property name="ftp.nonProxyHosts" value="local|*.local|169.254/16|*.169.254/16"/>
    <property name="java.runtime.version" value="17.0.2+8-86"/>
    <property name="user.name" value="abhis_m3"/>
    <property name="dev.resteasy.exception.mapper" value="false"/>
    <property name="path.separator" value=":"/>
    <property name="os.version" value="14.3.1"/>
    <property name="java.runtime.name" value="OpenJDK Runtime Environment"/>
    <property name="file.encoding" value="UTF-8"/>
    <property name="java.vm.name" value="OpenJDK 64-Bit Server VM"/>
    <property name="localRepository" value="/Users/abhis_m3/.m2/repository"/>
    <property name="java.vendor.url.bug" value="https://bugreport.java.com/bugreport/"/>
    <property name="java.io.tmpdir" value="/var/folders/l6/qc1bygrx3vv6tsq8y40bc61c0000gn/T/"/>
    <property name="quarkus.log.file.path" value="target/quarkus.log"/>
    <property name="java.version" value="17.0.2"/>
    <property name="java.util.concurrent.ForkJoinPool.common.threadFactory" value="io.quarkus.bootstrap.forkjoin.QuarkusForkJoinWorkerThreadFactory"/>
    <property name="user.dir" value="/Users/abhis_m3/Downloads/Opta-quickstarts-v2.0/use-cases/order-picking"/>
    <property name="os.arch" value="aarch64"/>
    <property name="java.vm.specification.name" value="Java Virtual Machine Specification"/>
    <property name="vertx.disableDnsResolver" value="true"/>
    <property name="native.encoding" value="UTF-8"/>
    <property name="java.util.logging.manager" value="org.jboss.logmanager.LogManager"/>
    <property name="java.library.path" value="/Users/abhis_m3/Library/Java/Extensions:/Library/Java/Extensions:/Network/Library/Java/Extensions:/System/Library/Java/Extensions:/usr/lib/java:."/>
    <property name="java.vm.info" value="mixed mode, sharing"/>
    <property name="java.vendor" value="Oracle Corporation"/>
    <property name="vertx.disableTCCL" value="true"/>
    <property name="java.vm.version" value="17.0.2+8-86"/>
    <property name="sun.io.unicode.encoding" value="UnicodeBig"/>
    <property name="io.netty.machineId" value="48:5b:14:0e:72:ea:77:bc"/>
    <property name="socksNonProxyHosts" value="local|*.local|169.254/16|*.169.254/16"/>
    <property name="java.class.version" value="61.0"/>
  </properties>
  <testcase name="minimizeDistanceFromLastTrolleyStepToPathOrigin" classname="org.acme.orderpicking.solver.OrderPickingConstraintProviderTest" time="0.407">
    <system-out><![CDATA[2024-03-10 22:49:30,527 INFO  [io.quarkus] (main) optaplanner-quarkus-order-picking-quickstart 1.0-SNAPSHOT on JVM (powered by Quarkus 2.16.10.Final) started in 0.784s. Listening on: http://localhost:8081
2024-03-10 22:49:30,528 INFO  [io.quarkus] (main) Profile test activated. 
2024-03-10 22:49:30,528 INFO  [io.quarkus] (main) Installed features: [cdi, optaplanner-solver, resteasy, resteasy-jackson, smallrye-context-propagation, vertx, webjars-locator]
]]></system-out>
  </testcase>
  <testcase name="minimizeDistanceFromPreviousTrolleyStep" classname="org.acme.orderpicking.solver.OrderPickingConstraintProviderTest" time="0.104"/>
  <testcase name="minimizeOrderSplitByTrolley" classname="org.acme.orderpicking.solver.OrderPickingConstraintProviderTest" time="0.095"/>
  <testcase name="requiredNumberOfBucketsWithPenalization" classname="org.acme.orderpicking.solver.OrderPickingConstraintProviderTest" time="0.09"/>
</testsuite>